<?xml version="1.0" encoding="UTF-8"?>
<!-- Generated by org.testng.reporters.JUnitReportReporter -->
<testsuite skipped="0" hostname="Kalai" name="org.sampp.TestingLearn" tests="1" failures="0" timestamp="24 Aug 2021 14:25:48 GMT" time="0.021" errors="0">
  <testcase name="testing" time="0.021" classname="org.sampp.TestingLearn"/>
</testsuite> <!-- org.sampp.TestingLearn -->
